D, [2011-01-11T10:07:15.499225 #7460] DEBUG -- :   [1m[36mSQL (0.2ms)[0m  [1mSELECT COUNT(*) FROM `users`[0m
D, [2011-01-11T10:07:20.288841 #7466] DEBUG -- :   [1m[36mSQL (0.3ms)[0m  [1mSHOW TABLES[0m
D, [2011-01-11T10:07:20.289406 #7466] DEBUG -- :   [1m[35mSQL (0.2ms)[0m  SHOW TABLES
D, [2011-01-11T10:07:20.290592 #7466] DEBUG -- :   [1m[36mSQL (0.2ms)[0m  [1mSELECT `schema_migrations`.`version` FROM `schema_migrations`[0m
I, [2011-01-11T10:07:20.290712 #7466]  INFO -- : Migrating to Users (1)
I, [2011-01-11T10:07:20.290755 #7466]  INFO -- : Migrating to Prova (2)
D, [2011-01-11T10:07:49.796451 #7510] DEBUG -- :   [1m[36mSQL (0.3ms)[0m  [1mSHOW TABLES[0m
D, [2011-01-11T10:07:49.797045 #7510] DEBUG -- :   [1m[35mSQL (0.2ms)[0m  SHOW TABLES
D, [2011-01-11T10:07:49.798191 #7510] DEBUG -- :   [1m[36mSQL (0.2ms)[0m  [1mSELECT `schema_migrations`.`version` FROM `schema_migrations`[0m
I, [2011-01-11T10:07:49.798300 #7510]  INFO -- : Migrating to Users (1)
I, [2011-01-11T10:07:49.798344 #7510]  INFO -- : Migrating to Prova (2)
D, [2011-01-11T10:07:55.325962 #7515] DEBUG -- :   [1m[36mSQL (0.2ms)[0m  [1mSELECT COUNT(*) FROM `users`[0m
D, [2011-01-11T10:08:16.331953 #7532] DEBUG -- :   [1m[36mUsers Load (0.2ms)[0m  [1mSELECT `users`.* FROM `users`[0m
D, [2011-01-11T10:11:51.508470 #7759] DEBUG -- :   [1m[36mSQL (0.3ms)[0m  [1mSHOW TABLES[0m
D, [2011-01-11T10:11:51.509073 #7759] DEBUG -- :   [1m[35mSQL (0.2ms)[0m  SHOW TABLES
D, [2011-01-11T10:11:51.511567 #7759] DEBUG -- :   [1m[36mSQL (0.2ms)[0m  [1mSELECT `schema_migrations`.`version` FROM `schema_migrations`[0m
I, [2011-01-11T10:11:51.511696 #7759]  INFO -- : Migrating to Users (1)
I, [2011-01-11T10:11:51.511746 #7759]  INFO -- : Migrating to Prova (2)
D, [2011-01-11T10:11:58.765055 #7771] DEBUG -- :   [1m[36mUsers Load (0.2ms)[0m  [1mSELECT `users`.* FROM `users`[0m
D, [2011-01-11T10:14:17.216094 #8228] DEBUG -- :   [1m[36mUsers Load (0.2ms)[0m  [1mSELECT `users`.* FROM `users`[0m
D, [2011-01-11T10:14:58.228058 #8267] DEBUG -- :   [1m[36mUsers Load (0.2ms)[0m  [1mSELECT `users`.* FROM `users`[0m
D, [2011-01-11T10:15:12.503758 #8369] DEBUG -- :   [1m[36mUsers Load (0.4ms)[0m  [1mSELECT `users`.* FROM `users`[0m
D, [2011-01-11T10:15:25.546711 #8381] DEBUG -- :   [1m[36mUsers Load (0.2ms)[0m  [1mSELECT `users`.* FROM `users`[0m
D, [2011-01-11T10:15:36.284808 #8391] DEBUG -- :   [1m[36mUsers Load (0.2ms)[0m  [1mSELECT `users`.* FROM `users`[0m
D, [2011-01-11T10:15:52.347725 #8414] DEBUG -- :   [1m[36mUsers Load (0.2ms)[0m  [1mSELECT `users`.* FROM `users`[0m
D, [2011-01-11T10:15:52.351379 #8414] DEBUG -- :   [1m[35mSQL (0.1ms)[0m  BEGIN
D, [2011-01-11T10:15:52.352370 #8414] DEBUG -- :   [1m[36mSQL (0.3ms)[0m  [1mSHOW TABLES[0m
D, [2011-01-11T10:15:52.353821 #8414] DEBUG -- :   [1m[35mAREL (0.3ms)[0m  UPDATE `users` SET `name` = 'vito' WHERE (`users`.`id` = 1)
D, [2011-01-11T10:15:52.439473 #8414] DEBUG -- :   [1m[36mSQL (85.3ms)[0m  [1mCOMMIT[0m
D, [2011-01-11T10:15:55.122745 #8418] DEBUG -- :   [1m[36mUsers Load (0.2ms)[0m  [1mSELECT `users`.* FROM `users`[0m
D, [2011-01-11T10:15:55.126317 #8418] DEBUG -- :   [1m[35mSQL (0.1ms)[0m  BEGIN
D, [2011-01-11T10:15:55.126921 #8418] DEBUG -- :   [1m[36mSQL (0.1ms)[0m  [1mCOMMIT[0m
D, [2011-01-11T10:16:07.344750 #8437] DEBUG -- :   [1m[36mUsers Load (0.2ms)[0m  [1mSELECT `users`.* FROM `users`[0m
D, [2011-01-11T10:16:07.348484 #8437] DEBUG -- :   [1m[35mSQL (0.1ms)[0m  BEGIN
D, [2011-01-11T10:16:07.349069 #8437] DEBUG -- :   [1m[36mSQL (0.1ms)[0m  [1mCOMMIT[0m
D, [2011-01-11T10:16:11.055549 #8445] DEBUG -- :   [1m[36mUsers Load (0.2ms)[0m  [1mSELECT `users`.* FROM `users`[0m
D, [2011-01-11T10:16:11.059262 #8445] DEBUG -- :   [1m[35mSQL (0.1ms)[0m  BEGIN
D, [2011-01-11T10:16:11.059825 #8445] DEBUG -- :   [1m[36mSQL (0.1ms)[0m  [1mCOMMIT[0m
D, [2011-01-11T10:24:36.311282 #8983] DEBUG -- :   [1m[36mUsers Load (0.2ms)[0m  [1mSELECT `users`.* FROM `users`[0m
D, [2011-01-11T10:24:36.315062 #8983] DEBUG -- :   [1m[35mSQL (0.1ms)[0m  BEGIN
D, [2011-01-11T10:24:36.315656 #8983] DEBUG -- :   [1m[36mSQL (0.1ms)[0m  [1mCOMMIT[0m
D, [2011-01-11T10:24:38.368126 #8987] DEBUG -- :   [1m[36mUsers Load (0.2ms)[0m  [1mSELECT `users`.* FROM `users`[0m
D, [2011-01-11T10:24:38.372111 #8987] DEBUG -- :   [1m[35mSQL (0.2ms)[0m  BEGIN
D, [2011-01-11T10:24:38.372683 #8987] DEBUG -- :   [1m[36mSQL (0.1ms)[0m  [1mCOMMIT[0m
D, [2011-01-11T10:25:51.439947 #9073] DEBUG -- :   [1m[36mUsers Load (0.2ms)[0m  [1mSELECT `users`.* FROM `users`[0m
D, [2011-01-11T10:25:51.443591 #9073] DEBUG -- :   [1m[35mSQL (0.1ms)[0m  BEGIN
D, [2011-01-11T10:25:51.444204 #9073] DEBUG -- :   [1m[36mSQL (0.1ms)[0m  [1mCOMMIT[0m
D, [2011-01-11T10:26:01.445571 #9083] DEBUG -- :   [1m[36mUsers Load (0.2ms)[0m  [1mSELECT `users`.* FROM `users`[0m
D, [2011-01-11T10:26:01.449337 #9083] DEBUG -- :   [1m[35mSQL (0.1ms)[0m  BEGIN
D, [2011-01-11T10:26:01.449797 #9083] DEBUG -- :   [1m[36mSQL (0.1ms)[0m  [1mROLLBACK[0m
D, [2011-01-11T10:26:17.428012 #9096] DEBUG -- :   [1m[36mUsers Load (0.2ms)[0m  [1mSELECT `users`.* FROM `users`[0m
D, [2011-01-11T10:26:17.431698 #9096] DEBUG -- :   [1m[35mSQL (0.1ms)[0m  BEGIN
D, [2011-01-11T10:26:17.432172 #9096] DEBUG -- :   [1m[36mSQL (0.1ms)[0m  [1mROLLBACK[0m
D, [2011-01-11T10:26:35.682171 #9112] DEBUG -- :   [1m[36mUsers Load (0.2ms)[0m  [1mSELECT `users`.* FROM `users`[0m
D, [2011-01-11T10:26:35.685851 #9112] DEBUG -- :   [1m[35mSQL (0.1ms)[0m  BEGIN
D, [2011-01-11T10:26:35.686458 #9112] DEBUG -- :   [1m[36mSQL (0.1ms)[0m  [1mCOMMIT[0m
D, [2011-01-11T10:26:46.138163 #9122] DEBUG -- :   [1m[36mUsers Load (0.2ms)[0m  [1mSELECT `users`.* FROM `users`[0m
D, [2011-01-11T10:26:46.141891 #9122] DEBUG -- :   [1m[35mSQL (0.1ms)[0m  BEGIN
D, [2011-01-11T10:26:46.221383 #9122] DEBUG -- :   [1m[36mSQL (0.1ms)[0m  [1mROLLBACK[0m
D, [2011-01-11T10:27:17.734883 #9154] DEBUG -- :   [1m[36mUsers Load (0.2ms)[0m  [1mSELECT `users`.* FROM `users`[0m
D, [2011-01-11T10:27:17.738566 #9154] DEBUG -- :   [1m[35mSQL (0.1ms)[0m  BEGIN
D, [2011-01-11T10:27:17.746318 #9154] DEBUG -- :   [1m[36mSQL (0.1ms)[0m  [1mROLLBACK[0m
D, [2011-01-11T10:27:29.531478 #9164] DEBUG -- :   [1m[36mUsers Load (0.2ms)[0m  [1mSELECT `users`.* FROM `users`[0m
D, [2011-01-11T10:27:29.535347 #9164] DEBUG -- :   [1m[35mSQL (0.1ms)[0m  BEGIN
D, [2011-01-11T10:27:29.543713 #9164] DEBUG -- :   [1m[36mSQL (0.5ms)[0m  [1mROLLBACK[0m
D, [2011-01-11T10:27:30.776049 #9168] DEBUG -- :   [1m[36mUsers Load (0.3ms)[0m  [1mSELECT `users`.* FROM `users`[0m
D, [2011-01-11T10:27:30.779802 #9168] DEBUG -- :   [1m[35mSQL (0.1ms)[0m  BEGIN
D, [2011-01-11T10:27:30.791029 #9168] DEBUG -- :   [1m[36mSQL (2.8ms)[0m  [1mROLLBACK[0m
D, [2011-01-11T10:27:32.426315 #9171] DEBUG -- :   [1m[36mUsers Load (0.2ms)[0m  [1mSELECT `users`.* FROM `users`[0m
D, [2011-01-11T10:27:32.431372 #9171] DEBUG -- :   [1m[35mSQL (0.1ms)[0m  BEGIN
D, [2011-01-11T10:27:32.440281 #9171] DEBUG -- :   [1m[36mSQL (1.2ms)[0m  [1mROLLBACK[0m
D, [2011-01-11T10:27:46.463815 #9183] DEBUG -- :   [1m[36mUsers Load (0.4ms)[0m  [1mSELECT `users`.* FROM `users`[0m
D, [2011-01-11T10:27:46.467536 #9183] DEBUG -- :   [1m[35mSQL (0.1ms)[0m  BEGIN
D, [2011-01-11T10:27:46.476358 #9183] DEBUG -- :   [1m[36mSQL (1.1ms)[0m  [1mROLLBACK[0m
D, [2011-01-11T10:30:43.677709 #9351] DEBUG -- :   [1m[36mUsers Load (0.2ms)[0m  [1mSELECT `users`.* FROM `users` LIMIT 1[0m
D, [2011-01-11T10:31:00.731277 #9372] DEBUG -- :   [1m[36mUsers Load (0.2ms)[0m  [1mSELECT `users`.* FROM `users` LIMIT 1[0m
D, [2011-01-11T10:31:00.735007 #9372] DEBUG -- :   [1m[35mSQL (0.1ms)[0m  BEGIN
D, [2011-01-11T10:31:00.743229 #9372] DEBUG -- :   [1m[36mSQL (0.5ms)[0m  [1mROLLBACK[0m
D, [2011-01-11T10:31:10.668896 #9382] DEBUG -- :   [1m[36mUsers Load (0.2ms)[0m  [1mSELECT `users`.* FROM `users` LIMIT 1[0m
D, [2011-01-11T10:31:10.672650 #9382] DEBUG -- :   [1m[35mSQL (0.1ms)[0m  BEGIN
D, [2011-01-11T10:31:10.683183 #9382] DEBUG -- :   [1m[36mSQL (1.8ms)[0m  [1mROLLBACK[0m
D, [2011-01-11T10:31:12.254615 #9385] DEBUG -- :   [1m[36mUsers Load (0.2ms)[0m  [1mSELECT `users`.* FROM `users` LIMIT 1[0m
D, [2011-01-11T10:31:12.258307 #9385] DEBUG -- :   [1m[35mSQL (0.1ms)[0m  BEGIN
D, [2011-01-11T10:31:12.265969 #9385] DEBUG -- :   [1m[36mSQL (0.1ms)[0m  [1mROLLBACK[0m
D, [2011-01-11T10:31:28.882493 #9404] DEBUG -- :   [1m[36mUsers Load (0.2ms)[0m  [1mSELECT `users`.* FROM `users` LIMIT 1[0m
D, [2011-01-11T10:31:28.886287 #9404] DEBUG -- :   [1m[35mSQL (0.1ms)[0m  BEGIN
D, [2011-01-11T10:31:28.894485 #9404] DEBUG -- :   [1m[36mSQL (0.2ms)[0m  [1mROLLBACK[0m
D, [2011-01-11T10:31:51.986422 #9432] DEBUG -- :   [1m[36mUsers Load (0.2ms)[0m  [1mSELECT `users`.* FROM `users` LIMIT 1[0m
D, [2011-01-11T10:31:51.990051 #9432] DEBUG -- :   [1m[35mSQL (0.1ms)[0m  BEGIN
D, [2011-01-11T10:31:51.991081 #9432] DEBUG -- :   [1m[36mSQL (0.3ms)[0m  [1mSHOW TABLES[0m
D, [2011-01-11T10:31:51.992455 #9432] DEBUG -- :   [1m[35mAREL (0.3ms)[0m  UPDATE `users` SET `name` = 'vitooo' WHERE (`users`.`id` = 1)
D, [2011-01-11T10:31:52.060944 #9432] DEBUG -- :   [1m[36mSQL (68.1ms)[0m  [1mCOMMIT[0m
D, [2011-01-11T10:31:53.468456 #9434] DEBUG -- :   [1m[36mUsers Load (0.2ms)[0m  [1mSELECT `users`.* FROM `users` LIMIT 1[0m
D, [2011-01-11T10:31:53.472199 #9434] DEBUG -- :   [1m[35mSQL (0.1ms)[0m  BEGIN
D, [2011-01-11T10:31:53.472825 #9434] DEBUG -- :   [1m[36mSQL (0.1ms)[0m  [1mCOMMIT[0m
D, [2011-01-11T10:32:55.092207 #9523] DEBUG -- :   [1m[36mUsers Load (0.2ms)[0m  [1mSELECT `users`.* FROM `users` LIMIT 1[0m
D, [2011-01-11T10:32:55.095935 #9523] DEBUG -- :   [1m[35mSQL (0.1ms)[0m  BEGIN
D, [2011-01-11T10:32:55.096576 #9523] DEBUG -- :   [1m[36mSQL (0.1ms)[0m  [1mCOMMIT[0m
D, [2011-01-11T10:33:04.818091 #9537] DEBUG -- :   [1m[36mUsers Load (0.2ms)[0m  [1mSELECT `users`.* FROM `users` LIMIT 1[0m
D, [2011-01-11T10:33:04.821807 #9537] DEBUG -- :   [1m[35mSQL (0.1ms)[0m  BEGIN
D, [2011-01-11T10:33:04.830262 #9537] DEBUG -- :   [1m[36mSQL (0.9ms)[0m  [1mROLLBACK[0m
D, [2011-01-11T10:33:31.676884 #9575] DEBUG -- :   [1m[36mUsers Load (0.2ms)[0m  [1mSELECT `users`.* FROM `users` LIMIT 1[0m
D, [2011-01-11T10:33:31.680568 #9575] DEBUG -- :   [1m[35mSQL (0.1ms)[0m  BEGIN
D, [2011-01-11T10:33:31.689531 #9575] DEBUG -- :   [1m[36mSQL (1.3ms)[0m  [1mROLLBACK[0m
D, [2011-01-11T10:36:10.104685 #9770] DEBUG -- :   [1m[36mUsers Load (0.2ms)[0m  [1mSELECT `users`.* FROM `users` LIMIT 1[0m
D, [2011-01-11T10:36:10.108378 #9770] DEBUG -- :   [1m[35mSQL (0.1ms)[0m  BEGIN
D, [2011-01-11T10:36:10.117244 #9770] DEBUG -- :   [1m[36mSQL (1.3ms)[0m  [1mROLLBACK[0m
D, [2011-01-11T10:36:17.120558 #9776] DEBUG -- :   [1m[36mUsers Load (0.2ms)[0m  [1mSELECT `users`.* FROM `users` LIMIT 1[0m
D, [2011-01-11T10:36:17.124229 #9776] DEBUG -- :   [1m[35mSQL (0.1ms)[0m  BEGIN
D, [2011-01-11T10:36:17.132493 #9776] DEBUG -- :   [1m[36mSQL (0.6ms)[0m  [1mROLLBACK[0m
D, [2011-01-11T10:47:27.884842 #10522] DEBUG -- :   [1m[36mSQL (0.3ms)[0m  [1mSHOW TABLES[0m
D, [2011-01-11T10:47:27.885290 #10522] DEBUG -- :   [1m[35mSQL (0.2ms)[0m  SHOW TABLES
D, [2011-01-11T10:47:27.886489 #10522] DEBUG -- :   [1m[36mSQL (0.2ms)[0m  [1mSELECT `schema_migrations`.`version` FROM `schema_migrations`[0m
D, [2011-01-11T10:47:27.886931 #10522] DEBUG -- :   [1m[35mSQL (0.2ms)[0m  SHOW TABLES
D, [2011-01-11T10:47:27.887829 #10522] DEBUG -- :   [1m[36mSQL (0.2ms)[0m  [1mSELECT `schema_migrations`.`version` FROM `schema_migrations`[0m
D, [2011-01-11T10:47:27.888240 #10522] DEBUG -- :   [1m[35mSQL (0.2ms)[0m  SHOW TABLES
D, [2011-01-11T10:47:27.889305 #10522] DEBUG -- :   [1m[36mSQL (0.2ms)[0m  [1mSELECT `schema_migrations`.`version` FROM `schema_migrations`[0m
I, [2011-01-11T10:47:27.889409 #10522]  INFO -- : Migrating to Prova (2)
D, [2011-01-11T10:47:27.966681 #10522] DEBUG -- :   [1m[35mSQL (75.7ms)[0m  DROP TABLE `prova`
D, [2011-01-11T10:47:28.022644 #10522] DEBUG -- :   [1m[36mAREL (53.6ms)[0m  [1mDELETE FROM `schema_migrations` WHERE `schema_migrations`.`version` = '2'[0m
I, [2011-01-11T10:47:28.022760 #10522]  INFO -- : Migrating to Users (1)
D, [2011-01-11T10:47:28.079234 #10522] DEBUG -- :   [1m[35mSQL (31.2ms)[0m  DROP TABLE `users`
D, [2011-01-11T10:47:28.113434 #10522] DEBUG -- :   [1m[36mAREL (31.6ms)[0m  [1mDELETE FROM `schema_migrations` WHERE `schema_migrations`.`version` = '1'[0m
D, [2011-01-11T10:47:30.461625 #10525] DEBUG -- :   [1m[36mSQL (0.3ms)[0m  [1mSHOW TABLES[0m
D, [2011-01-11T10:47:30.462047 #10525] DEBUG -- :   [1m[35mSQL (0.2ms)[0m  SHOW TABLES
D, [2011-01-11T10:47:30.463177 #10525] DEBUG -- :   [1m[36mSQL (0.2ms)[0m  [1mSELECT `schema_migrations`.`version` FROM `schema_migrations`[0m
D, [2011-01-11T10:47:30.463531 #10525] DEBUG -- :   [1m[35mSQL (0.2ms)[0m  SHOW TABLES
D, [2011-01-11T10:47:30.464425 #10525] DEBUG -- :   [1m[36mSQL (0.2ms)[0m  [1mSELECT `schema_migrations`.`version` FROM `schema_migrations`[0m
D, [2011-01-11T10:47:30.464782 #10525] DEBUG -- :   [1m[35mSQL (0.2ms)[0m  SHOW TABLES
D, [2011-01-11T10:47:30.465820 #10525] DEBUG -- :   [1m[36mSQL (0.2ms)[0m  [1mSELECT `schema_migrations`.`version` FROM `schema_migrations`[0m
I, [2011-01-11T10:47:30.465948 #10525]  INFO -- : Migrating to Users (1)
D, [2011-01-11T10:47:30.595799 #10525] DEBUG -- :   [1m[35mSQL (127.9ms)[0m  CREATE TABLE `users` (`id` int(11) DEFAULT NULL auto_increment PRIMARY KEY, `name` varchar(255), `cell` varchar(255)) ENGINE=InnoDB
D, [2011-01-11T10:47:30.651894 #10525] DEBUG -- :   [1m[36mSQL (53.7ms)[0m  [1mINSERT INTO `schema_migrations` (`version`) VALUES ('1')[0m
D, [2011-01-11T10:47:32.528082 #10529] DEBUG -- :   [1m[36mSQL (0.3ms)[0m  [1mSHOW TABLES[0m
D, [2011-01-11T10:47:32.528531 #10529] DEBUG -- :   [1m[35mSQL (0.2ms)[0m  SHOW TABLES
D, [2011-01-11T10:47:32.529676 #10529] DEBUG -- :   [1m[36mSQL (0.2ms)[0m  [1mSELECT `schema_migrations`.`version` FROM `schema_migrations`[0m
D, [2011-01-11T10:47:32.530097 #10529] DEBUG -- :   [1m[35mSQL (0.2ms)[0m  SHOW TABLES
D, [2011-01-11T10:47:32.531115 #10529] DEBUG -- :   [1m[36mSQL (0.2ms)[0m  [1mSELECT `schema_migrations`.`version` FROM `schema_migrations`[0m
D, [2011-01-11T10:47:32.531490 #10529] DEBUG -- :   [1m[35mSQL (0.2ms)[0m  SHOW TABLES
D, [2011-01-11T10:47:32.532558 #10529] DEBUG -- :   [1m[36mSQL (0.2ms)[0m  [1mSELECT `schema_migrations`.`version` FROM `schema_migrations`[0m
I, [2011-01-11T10:47:32.532656 #10529]  INFO -- : Migrating to Users (1)
I, [2011-01-11T10:47:32.532696 #10529]  INFO -- : Migrating to Prova (2)
D, [2011-01-11T10:47:32.676376 #10529] DEBUG -- :   [1m[35mSQL (141.9ms)[0m  CREATE TABLE `prova` (`id` int(11) DEFAULT NULL auto_increment PRIMARY KEY, `name` varchar(255), `password` varchar(255)) ENGINE=InnoDB
D, [2011-01-11T10:47:32.710328 #10529] DEBUG -- :   [1m[36mSQL (31.3ms)[0m  [1mINSERT INTO `schema_migrations` (`version`) VALUES ('2')[0m
D, [2011-01-11T10:47:35.003993 #10532] DEBUG -- :   [1m[36mSQL (0.3ms)[0m  [1mSHOW TABLES[0m
D, [2011-01-11T10:47:35.004598 #10532] DEBUG -- :   [1m[35mSQL (0.2ms)[0m  SHOW TABLES
D, [2011-01-11T10:47:35.005920 #10532] DEBUG -- :   [1m[36mSQL (0.2ms)[0m  [1mSELECT `schema_migrations`.`version` FROM `schema_migrations`[0m
I, [2011-01-11T10:47:35.006029 #10532]  INFO -- : Migrating to Users (1)
I, [2011-01-11T10:47:35.006066 #10532]  INFO -- : Migrating to Prova (2)
D, [2011-01-11T10:47:38.108825 #10537] DEBUG -- :   [1m[36mUsers Load (0.3ms)[0m  [1mSELECT `users`.* FROM `users` LIMIT 1[0m
D, [2011-01-11T10:48:10.165054 #10573] DEBUG -- :   [1m[36mUsers Load (0.2ms)[0m  [1mSELECT `users`.* FROM `users` LIMIT 1[0m
D, [2011-01-11T10:48:10.169312 #10573] DEBUG -- :   [1m[35mSQL (0.1ms)[0m  BEGIN
D, [2011-01-11T10:48:10.177109 #10573] DEBUG -- :   [1m[36mSQL (0.1ms)[0m  [1mROLLBACK[0m
D, [2011-01-11T10:48:13.445949 #10577] DEBUG -- :   [1m[36mUsers Load (0.2ms)[0m  [1mSELECT `users`.* FROM `users` LIMIT 1[0m
D, [2011-01-11T10:48:13.450633 #10577] DEBUG -- :   [1m[35mSQL (0.1ms)[0m  BEGIN
D, [2011-01-11T10:48:13.461078 #10577] DEBUG -- :   [1m[36mSQL (2.6ms)[0m  [1mROLLBACK[0m
D, [2011-01-11T10:50:28.114211 #10728] DEBUG -- :   [1m[36mSQL (0.3ms)[0m  [1mSHOW TABLES[0m
D, [2011-01-11T10:50:28.114802 #10728] DEBUG -- :   [1m[35mSQL (0.2ms)[0m  SHOW TABLES
D, [2011-01-11T10:50:28.116110 #10728] DEBUG -- :   [1m[36mSQL (0.3ms)[0m  [1mSELECT `schema_migrations`.`version` FROM `schema_migrations`[0m
I, [2011-01-11T10:50:28.116219 #10728]  INFO -- : Migrating to Users (1)
I, [2011-01-11T10:50:28.116260 #10728]  INFO -- : Migrating to Prova (2)
D, [2011-01-11T10:50:33.650122 #10735] DEBUG -- :   [1m[36mUsers Load (0.2ms)[0m  [1mSELECT `users`.* FROM `users` LIMIT 1[0m
D, [2011-01-11T10:50:33.654288 #10735] DEBUG -- :   [1m[35mSQL (0.1ms)[0m  BEGIN
D, [2011-01-11T10:50:33.662216 #10735] DEBUG -- :   [1m[36mSQL (0.1ms)[0m  [1mROLLBACK[0m
D, [2011-01-11T11:01:32.385669 #11373] DEBUG -- :   [1m[36mUsers Load (0.3ms)[0m  [1mSELECT `users`.* FROM `users` LIMIT 1[0m
D, [2011-01-11T11:01:32.398437 #11373] DEBUG -- :   [1m[35mSQL (1.5ms)[0m  BEGIN
D, [2011-01-11T11:01:32.400316 #11373] DEBUG -- :   [1m[36mSQL (0.1ms)[0m  [1mROLLBACK[0m
D, [2011-01-11T11:02:07.800452 #11408] DEBUG -- :   [1m[36mUsers Load (0.2ms)[0m  [1mSELECT `users`.* FROM `users` LIMIT 1[0m
D, [2011-01-11T11:03:00.287651 #11453] DEBUG -- :   [1m[36mUsers Load (0.2ms)[0m  [1mSELECT `users`.* FROM `users` LIMIT 1[0m
D, [2011-01-11T11:03:40.747194 #11491] DEBUG -- :   [1m[36mUsers Load (0.2ms)[0m  [1mSELECT `users`.* FROM `users` LIMIT 1[0m
D, [2011-01-11T11:03:40.751550 #11491] DEBUG -- :   [1m[35mSQL (0.1ms)[0m  BEGIN
D, [2011-01-11T11:03:40.752504 #11491] DEBUG -- :   [1m[36mSQL (0.3ms)[0m  [1mSHOW TABLES[0m
D, [2011-01-11T11:03:40.754078 #11491] DEBUG -- :   [1m[35mAREL (0.3ms)[0m  UPDATE `users` SET `name` = 'vitoooo' WHERE (`users`.`id` = 1)
D, [2011-01-11T11:03:40.834671 #11491] DEBUG -- :   [1m[36mSQL (80.2ms)[0m  [1mCOMMIT[0m
D, [2011-01-11T11:03:42.447286 #11494] DEBUG -- :   [1m[36mUsers Load (0.2ms)[0m  [1mSELECT `users`.* FROM `users` LIMIT 1[0m
D, [2011-01-11T11:03:42.451724 #11494] DEBUG -- :   [1m[35mSQL (0.1ms)[0m  BEGIN
D, [2011-01-11T11:03:42.452318 #11494] DEBUG -- :   [1m[36mSQL (0.1ms)[0m  [1mCOMMIT[0m
D, [2011-01-11T11:03:52.514231 #11512] DEBUG -- :   [1m[36mUsers Load (0.2ms)[0m  [1mSELECT `users`.* FROM `users` LIMIT 1[0m
D, [2011-01-11T11:09:23.053627 #11818] DEBUG -- :   [1m[36mSQL (0.3ms)[0m  [1mSHOW TABLES[0m
D, [2011-01-11T11:09:23.054068 #11818] DEBUG -- :   [1m[35mSQL (0.2ms)[0m  SHOW TABLES
D, [2011-01-11T11:09:23.055242 #11818] DEBUG -- :   [1m[36mSQL (0.2ms)[0m  [1mSELECT `schema_migrations`.`version` FROM `schema_migrations`[0m
D, [2011-01-11T11:09:23.055670 #11818] DEBUG -- :   [1m[35mSQL (0.2ms)[0m  SHOW TABLES
D, [2011-01-11T11:09:23.056576 #11818] DEBUG -- :   [1m[36mSQL (0.1ms)[0m  [1mSELECT `schema_migrations`.`version` FROM `schema_migrations`[0m
D, [2011-01-11T11:09:23.056986 #11818] DEBUG -- :   [1m[35mSQL (0.2ms)[0m  SHOW TABLES
D, [2011-01-11T11:09:23.058151 #11818] DEBUG -- :   [1m[36mSQL (0.2ms)[0m  [1mSELECT `schema_migrations`.`version` FROM `schema_migrations`[0m
I, [2011-01-11T11:09:23.058264 #11818]  INFO -- : Migrating to Prova (2)
D, [2011-01-11T11:09:23.126817 #11818] DEBUG -- :   [1m[35mSQL (67.0ms)[0m  DROP TABLE `prova`
D, [2011-01-11T11:09:23.172656 #11818] DEBUG -- :   [1m[36mAREL (43.4ms)[0m  [1mDELETE FROM `schema_migrations` WHERE `schema_migrations`.`version` = '2'[0m
I, [2011-01-11T11:09:23.172762 #11818]  INFO -- : Migrating to Users (1)
D, [2011-01-11T11:09:23.240309 #11818] DEBUG -- :   [1m[35mSQL (43.4ms)[0m  DROP TABLE `users`
D, [2011-01-11T11:09:23.296520 #11818] DEBUG -- :   [1m[36mAREL (54.0ms)[0m  [1mDELETE FROM `schema_migrations` WHERE `schema_migrations`.`version` = '1'[0m
D, [2011-01-11T11:09:24.697333 #11821] DEBUG -- :   [1m[36mSQL (0.3ms)[0m  [1mSHOW TABLES[0m
D, [2011-01-11T11:09:24.697763 #11821] DEBUG -- :   [1m[35mSQL (0.2ms)[0m  SHOW TABLES
D, [2011-01-11T11:09:24.698932 #11821] DEBUG -- :   [1m[36mSQL (0.2ms)[0m  [1mSELECT `schema_migrations`.`version` FROM `schema_migrations`[0m
D, [2011-01-11T11:09:24.699338 #11821] DEBUG -- :   [1m[35mSQL (0.2ms)[0m  SHOW TABLES
D, [2011-01-11T11:09:24.700231 #11821] DEBUG -- :   [1m[36mSQL (0.1ms)[0m  [1mSELECT `schema_migrations`.`version` FROM `schema_migrations`[0m
D, [2011-01-11T11:09:24.700573 #11821] DEBUG -- :   [1m[35mSQL (0.2ms)[0m  SHOW TABLES
D, [2011-01-11T11:09:24.701588 #11821] DEBUG -- :   [1m[36mSQL (0.1ms)[0m  [1mSELECT `schema_migrations`.`version` FROM `schema_migrations`[0m
I, [2011-01-11T11:09:24.701703 #11821]  INFO -- : Migrating to Users (1)
D, [2011-01-11T11:09:24.865787 #11821] DEBUG -- :   [1m[35mSQL (162.3ms)[0m  CREATE TABLE `users` (`id` int(11) DEFAULT NULL auto_increment PRIMARY KEY, `name` varchar(255), `cell` varchar(15)) ENGINE=InnoDB
D, [2011-01-11T11:09:24.899841 #11821] DEBUG -- :   [1m[36mSQL (31.6ms)[0m  [1mINSERT INTO `schema_migrations` (`version`) VALUES ('1')[0m
I, [2011-01-11T11:09:24.900046 #11821]  INFO -- : Migrating to Prova (2)
D, [2011-01-11T11:09:25.056868 #11821] DEBUG -- :   [1m[35mSQL (126.6ms)[0m  CREATE TABLE `prova` (`id` int(11) DEFAULT NULL auto_increment PRIMARY KEY, `name` varchar(255), `password` varchar(255)) ENGINE=InnoDB
D, [2011-01-11T11:09:25.090473 #11821] DEBUG -- :   [1m[36mSQL (31.4ms)[0m  [1mINSERT INTO `schema_migrations` (`version`) VALUES ('2')[0m
